2022/05/17 14:58:06 {"callers":["$/Users/zk.xiao/GolandProjects/user-center-backend/main.go: 25 main.init.0"],"level":"info","message":"eddycjy: go-programming-tour-book/blog-service","time":"2022-05-17T14:58:06.767686+08:00"}
2022/05/17 16:28:50 {"callers":["$/Users/zk.xiao/GolandProjects/user-center-backend/main.go: 25 main.init.0"],"level":"info","message":"eddycjy: go-programming-tour-book/blog-service","time":"2022-05-17T16:28:50.462184+08:00"}
2022/05/17 16:31:08 {"callers":["$/Users/zk.xiao/GolandProjects/user-center-backend/main.go: 25 main.init.0"],"level":"info","message":"eddycjy: go-programming-tour-book/blog-service","time":"2022-05-17T16:31:08.16348+08:00"}
2022/05/17 17:05:54 {"callers":["$/Users/zk.xiao/GolandProjects/user-center-backend/main.go: 25 main.init.0"],"level":"info","message":"eddycjy: go-programming-tour-book/blog-service","time":"2022-05-17T17:05:54.454164+08:00"}
2022/05/17 17:08:43 {"callers":["$/Users/zk.xiao/GolandProjects/user-center-backend/main.go: 25 main.init.0"],"level":"info","message":"eddycjy: go-programming-tour-book/blog-service","time":"2022-05-17T17:08:43.048121+08:00"}
2022/05/17 17:11:11 {"callers":["$/Users/zk.xiao/GolandProjects/user-center-backend/main.go: 25 main.init.0"],"level":"info","message":"eddycjy: go-programming-tour-book/blog-service","time":"2022-05-17T17:11:11.951219+08:00"}
2022/05/17 17:20:39 {"callers":["$/Users/zk.xiao/GolandProjects/user-center-backend/main.go: 25 main.init.0"],"level":"info","message":"eddycjy: go-programming-tour-book/blog-service","time":"2022-05-17T17:20:39.237624+08:00"}
2022/05/18 17:08:20 {"callers":["$/Users/zk.xiao/GolandProjects/user-center-backend/main.go: 23 main.init.0"],"level":"error","message":"app.BindAndValid errs: State必须是[0 1]中的一个","time":"2022-05-18T17:08:20.92477+08:00"}
2023/05/12 20:18:46 {"callers":["$D:/GolandProjects/user-center-backend/main.go: 23 main.init.0"],"level":"error","message":"app.BindAndValid errs: State必须是[ 0 1]中的一个","time":1683893926090161000}
2023/05/12 20:19:42 {"callers":["$D:/GolandProjects/user-center-backend/main.go: 23 main.init.0"],"level":"error","message":"app.BindAndValid errs: State必须是[ 0 1]中的一个","time":1683893982298823400}
2023/05/12 20:23:59 {"callers":["$D:/GolandProjects/user-center-backend/main.go: 23 main.init.0"],"level":"error","message":"app.BindAndValid errs: State必须是[ 0 1]中的一个","time":1683894239130366800}
2023/05/12 20:25:33 {"callers":["$D:/GolandProjects/user-center-backend/main.go: 23 main.init.0"],"level":"error","message":"app.BindAndValid errs: State必须是[ 0 1]中的一个","time":1683894333205964400}
2023/05/12 23:52:55 {"callers":["$D:/GolandProjects/user-center-backend/main.go: 29 main.init.0"],"level":"error","message":"app.BindAndValid errs: State必须是[ 0 1]中的一个","time":1683906775620276300}
2023/05/12 23:53:18 {"callers":["$D:/GolandProjects/user-center-backend/main.go: 29 main.init.0"],"level":"error","message":"app.BindAndValid errs: ","time":1683906798304941900}
2023/05/12 23:53:30 {"callers":["$D:/GolandProjects/user-center-backend/main.go: 29 main.init.0"],"level":"error","message":"app.BindAndValid errs: State必须是[ 0 1]中的一个","time":1683906810979564800}
2023/05/12 23:55:37 {"callers":["$D:/GolandProjects/user-center-backend/main.go: 29 main.init.0"],"level":"error","message":"app.BindAndValid errs: State必须是[ 0 1]中的一个","time":1683906937234916000}
2023/05/12 23:55:53 {"callers":["$D:/GolandProjects/user-center-backend/main.go: 29 main.init.0"],"level":"error","message":"app.BindAndValid errs: ","time":1683906953881070000}
2023/05/12 23:56:01 {"callers":["$D:/GolandProjects/user-center-backend/main.go: 29 main.init.0"],"level":"error","message":"app.BindAndValid errs: State必须是[ 0 1]中的一个","time":1683906961353330100}
2023/05/12 23:56:46 {"callers":["$D:/GolandProjects/user-center-backend/main.go: 29 main.init.0"],"level":"error","message":"app.BindAndValid errs: State必须是[ 0 1]中的一个","time":1683907006436063500}
2023/05/12 23:56:51 {"callers":["$D:/GolandProjects/user-center-backend/main.go: 29 main.init.0"],"level":"error","message":"app.BindAndValid errs: ","time":1683907011143098300}
2023/05/12 23:57:31 {"callers":["$D:/GolandProjects/user-center-backend/main.go: 29 main.init.0"],"level":"error","message":"app.BindAndValid errs: State必须是[ 0 1]中的一个","time":1683907051701475300}
2023/05/13 17:20:00 {"callers":["$D:/GolandProjects/user-center-backend/main.go: 29 main.init.0"],"level":"error","message":"svc.GetTagList err: Error 1054: Unknown column 'id_del' in 'where clause'","time":1683969600639624600}
2023/05/13 18:11:53 {"callers":["$D:/GolandProjects/user-center-backend/main.go: 29 main.init.0"],"level":"error","message":"app.BindAndValid errs: ID为必填字段, ModifiedBy为必填字段","time":1683972713291270200}
2023/05/13 18:17:41 {"callers":["$D:/GolandProjects/user-center-backend/main.go: 29 main.init.0"],"level":"error","message":"app.BindAndValid errs: ID为必填字段, ModifiedBy为必填字段","time":1683973061077784200}
2023/05/13 18:22:52 {"callers":["$D:/GolandProjects/user-center-backend/main.go: 29 main.init.0"],"level":"error","message":"app.BindAndValid errs: ID为必填字段, ModifiedBy为必填字段","time":1683973372755169100}
2023/05/13 18:23:29 {"callers":["$D:/GolandProjects/user-center-backend/main.go: 29 main.init.0"],"level":"error","message":"app.BindAndValid errs: ModifiedBy为必填字段, ID为必填字段","time":1683973409989629800}
2023/05/13 18:27:43 {"callers":["$D:/GolandProjects/user-center-backend/main.go: 29 main.init.0"],"level":"error","message":"app.BindAndValid errs: ID为必填字段, ModifiedBy为必填字段","time":1683973663261739400}
2023/05/13 18:27:51 {"callers":["$D:/GolandProjects/user-center-backend/main.go: 29 main.init.0"],"level":"error","message":"app.BindAndValid errs: ID为必填字段, ModifiedBy为必填字段","time":1683973671222820400}
2023/05/13 18:28:00 {"callers":["$D:/GolandProjects/user-center-backend/main.go: 29 main.init.0"],"level":"error","message":"app.BindAndValid errs: ID为必填字段, ModifiedBy为必填字段","time":1683973680934676300}
2023/05/13 18:28:03 {"callers":["$D:/GolandProjects/user-center-backend/main.go: 29 main.init.0"],"level":"error","message":"app.BindAndValid errs: ModifiedBy为必填字段, ID为必填字段","time":1683973683044919000}
2023/05/13 18:28:29 {"callers":["$D:/GolandProjects/user-center-backend/main.go: 29 main.init.0"],"level":"error","message":"app.BindAndValid errs: ModifiedBy为必填字段, ID为必填字段","time":1683973709053622200}
2023/05/13 18:37:43 {"callers":["$D:/GolandProjects/user-center-backend/main.go: 29 main.init.0"],"level":"error","message":"app.BindAndValid errs: ModifiedBy为必填字段, ID为必填字段","time":1683974263125764300}
2023/05/13 18:40:36 {"callers":["$D:/GolandProjects/user-center-backend/main.go: 29 main.init.0"],"level":"error","message":"app.BindAndValid errs: ID为必填字段, ModifiedBy为必填字段","time":1683974436473616100}
2023/05/13 18:45:11 {"callers":["$D:/GolandProjects/user-center-backend/main.go: 29 main.init.0"],"level":"error","message":"app.BindAndValid errs: ModifiedBy为必填字段, ID为必填字段","time":1683974711085463600}
2023/10/15 23:10:27 {"callers":["$D:/GolandProjects/user-center-backend/main.go: 29 main.init.0"],"level":"error","message":"app.BindAndValid errs: ConfirmPassword为必填字段","time":1697382627290988500}
2023/10/15 23:15:54 {"callers":["$D:/GolandProjects/user-center-backend/main.go: 29 main.init.0"],"level":"error","message":"app.BindAndValid errs: ConfirmPassword为必填字段","time":1697382954347266900}
2023/10/15 23:29:08 {"callers":["$D:/GolandProjects/user-center-backend/main.go: 29 main.init.0"],"level":"error","message":"app.BindAndValid errs: ","time":1697383748000404900}
2023/10/15 23:33:32 {"callers":["$D:/GolandProjects/user-center-backend/main.go: 29 main.init.0"],"level":"error","message":"app.BindAndValid errs: ","time":1697384012480963600}
2023/10/15 23:52:14 {"callers":["$D:/GolandProjects/user-center-backend/main.go: 29 main.init.0"],"level":"error","message":"app.BindAndValid errs: ","time":1697385134136599200}
2023/10/16 00:06:05 {"callers":["$D:/GolandProjects/user-center-backend/main.go: 29 main.init.0"],"level":"error","message":"app.BindAndValid errs: ConfirmPassword为必填字段","time":1697385965617581600}
2023/10/16 00:26:07 {"callers":["$D:/GolandProjects/user-center-backend/main.go: 29 main.init.0"],"level":"error","message":"app.BindAndValid errs: ConfirmPassword为必填字段","time":1697387167230430100}
2023/10/16 00:27:13 {"callers":["$D:/GolandProjects/user-center-backend/main.go: 29 main.init.0"],"level":"error","message":"svc.Signup err: 错误码：20040002, 错误信息：用户已经存在","time":1697387233765828600}
2023/10/16 00:28:03 {"callers":["$D:/GolandProjects/user-center-backend/main.go: 29 main.init.0"],"level":"error","message":"app.BindAndValid errs: ConfirmPassword必须等于Password","time":1697387283476050900}
2023/10/16 10:37:50 {"callers":["$D:/GolandProjects/user-center-backend/main.go: 29 main.init.0"],"level":"error","message":"svc.Signup err: 错误码：20040002, 错误信息：用户已经存在","time":1697423870102281700}
2023/10/16 10:38:45 {"callers":["$D:/GolandProjects/user-center-backend/main.go: 29 main.init.0"],"level":"error","message":"app.BindAndValid errs: ConfirmPassword必须等于Password","time":1697423925035231400}
2023/10/16 10:39:04 {"callers":["$D:/GolandProjects/user-center-backend/main.go: 29 main.init.0"],"level":"error","message":"app.BindAndValid errs: ConfirmPassword为必填字段","time":1697423944900010700}
2023/10/16 10:39:27 {"callers":["$D:/GolandProjects/user-center-backend/main.go: 29 main.init.0"],"level":"error","message":"app.BindAndValid errs: ConfirmPassword必须等于Password","time":1697423967553631000}
2023/10/16 10:40:52 {"callers":["$D:/GolandProjects/user-center-backend/main.go: 29 main.init.0"],"level":"error","message":"svc.Signup err: 错误码：20040002, 错误信息：用户已经存在","time":1697424052746079200}
2023/10/16 11:54:42 {"callers":["$D:/GolandProjects/user-center-backend/main.go: 29 main.init.0"],"level":"error","message":"svc.Signup err: 错误码：20040002, 错误信息：用户已经存在","time":1697428482014334300}
2023/10/16 13:02:33 {"callers":["$D:/GolandProjects/user-center-backend/main.go: 29 main.init.0"],"level":"error","message":"svc.Signup err: unsupported destination, should be slice or struct","time":1697432553034253700}
2023/10/16 13:03:52 {"callers":["$D:/GolandProjects/user-center-backend/main.go: 29 main.init.0"],"level":"error","message":"svc.Signup err: unsupported destination, should be slice or struct","time":1697432632969983000}
2023/10/16 13:06:06 {"callers":["$D:/GolandProjects/user-center-backend/main.go: 29 main.init.0"],"level":"error","message":"svc.Signup err: 错误码：20040002, 错误信息：用户已经存在","time":1697432766899524000}
2023/10/16 13:09:45 {"callers":["$D:/GolandProjects/user-center-backend/main.go: 29 main.init.0"],"level":"error","message":"svc.Signup err: 错误码：20040002, 错误信息：用户已经存在","time":1697432985204929500}
2023/10/16 13:15:01 {"callers":["$D:/GolandProjects/user-center-backend/main.go: 29 main.init.0"],"level":"error","message":"svc.Signup err: 错误码：20040002, 错误信息：用户已经存在","time":1697433301658940100}
2023/10/16 13:15:51 {"callers":["$D:/GolandProjects/user-center-backend/main.go: 29 main.init.0"],"level":"error","message":"svc.Signup err: record not found","time":1697433351605210000}
2023/10/16 13:16:19 {"callers":["$D:/GolandProjects/user-center-backend/main.go: 29 main.init.0"],"level":"error","message":"svc.Signup err: record not found","time":1697433379199365700}
2023/10/16 13:22:25 {"callers":["$D:/GolandProjects/user-center-backend/main.go: 29 main.init.0"],"level":"error","message":"svc.Signup err: Error 1054: Unknown column 'username,index:username' in 'field list'","time":1697433745987347400}
2023/10/16 13:24:18 {"callers":["$D:/GolandProjects/user-center-backend/main.go: 29 main.init.0"],"level":"error","message":"svc.Signup err: 错误码：20040002, 错误信息：用户已经存在","time":1697433858228461500}
2023/10/16 17:26:47 {"callers":["$D:/GolandProjects/user-center-backend/main.go: 29 main.init.0"],"level":"error","message":"app.BindAndValid errs: ConfirmPassword必须等于Password","time":1697448407986174400}
2023/10/16 17:26:57 {"callers":["$D:/GolandProjects/user-center-backend/main.go: 29 main.init.0"],"level":"error","message":"app.BindAndValid errs: ","time":1697448417771063900}
2023/10/16 17:27:06 {"callers":["$D:/GolandProjects/user-center-backend/main.go: 29 main.init.0"],"level":"error","message":"app.BindAndValid errs: ConfirmPassword必须等于Password","time":1697448426186972100}
2023/10/16 17:49:35 {"callers":["$D:/GolandProjects/user-center-backend/main.go: 29 main.init.0"],"level":"error","message":"app.BindAndValid errs: ConfirmPassword必须等于Password","time":1697449775008380100}
2023/10/17 22:44:55 {"callers":["$D:/GolandProjects/user-center-backend/main.go: 29 main.init.0"],"level":"error","message":"svc.Signup failed, err: Error 1054: Unknown column '芙芙' in 'field list'","time":1697553895794946600}
2023/10/18 16:20:56 {"callers":["$D:/GolandProjects/user-center-backend/main.go: 29 main.init.0"],"level":"error","message":"svc.Login errs: ","time":1697617256714888000}
2023/10/18 16:25:38 {"callers":["$D:/GolandProjects/user-center-backend/main.go: 29 main.init.0"],"level":"error","message":"svc.Login errs: ","time":1697617538134289400}
2023/10/18 16:26:05 {"callers":["$D:/GolandProjects/user-center-backend/main.go: 29 main.init.0"],"level":"error","message":"app.BindAndValid errs: ","time":1697617565761712500}
2023/10/27 00:32:49 {"callers":["$D:/GolandProjects/user-center-backend/main.go: 29 main.init.0"],"level":"error","message":"svc.Login errs: ","time":1698337969380211300}
2023/10/27 00:36:27 {"callers":["$D:/GolandProjects/user-center-backend/main.go: 29 main.init.0"],"level":"error","message":"svc.Signup failed, err: Error 1054: Unknown column 'access_token' in 'field list'","time":1698338187767686700}
2023/10/28 11:03:53 {"callers":["$D:/GolandProjects/user-center-backend/main.go: 29 main.init.0"],"level":"error","message":"svc.Login errs: ","time":1698462233866588600}
2023/10/28 11:04:27 {"callers":["$D:/GolandProjects/user-center-backend/main.go: 29 main.init.0"],"level":"error","message":"svc.Login errs: ","time":1698462267072365100}
2023/10/28 11:05:24 {"callers":["$D:/GolandProjects/user-center-backend/main.go: 29 main.init.0"],"level":"error","message":"svc.Login errs: ","time":1698462324911628100}
2023/10/28 11:25:13 {"callers":["$D:/GolandProjects/user-center-backend/main.go: 29 main.init.0"],"level":"error","message":"svc.Login errs: 错误码：20040004, 错误信息：用户密码错误","time":1698463513642873400}
2023/10/28 11:40:19 {"callers":["$D:/GolandProjects/user-center-backend/main.go: 29 main.init.0"],"level":"error","message":"svc.Login errs: 错误码：20040004, 错误信息：用户密码错误","time":1698464419471142700}
2023/10/28 11:40:41 {"callers":["$D:/GolandProjects/user-center-backend/main.go: 29 main.init.0"],"level":"error","message":"svc.Login errs: 错误码：20040003, 错误信息：用户不存在","time":1698464441636555000}
2023/10/28 11:40:55 {"callers":["$D:/GolandProjects/user-center-backend/main.go: 29 main.init.0"],"level":"error","message":"app.BindAndValid errs: Password为必填字段","time":1698464455000778400}
2023/10/28 11:46:36 {"callers":["$D:/GolandProjects/user-center-backend/main.go: 29 main.init.0"],"level":"error","message":"app.BindAndValid errs: Password为必填字段","time":1698464796398119700}
2023/10/28 11:53:57 {"callers":["$D:/GolandProjects/user-center-backend/main.go: 29 main.init.0"],"level":"error","message":"app.BindAndValid errs: Password为必填字段","time":1698465237980813300}
2023/10/28 11:54:10 {"callers":["$D:/GolandProjects/user-center-backend/main.go: 29 main.init.0"],"level":"error","message":"app.BindAndValid errs: Password为必填字段","time":1698465250351319400}
2023/10/28 11:55:33 {"callers":["$D:/GolandProjects/user-center-backend/main.go: 29 main.init.0"],"level":"error","message":"svc.Login errs: 错误码：20040004, 错误信息：用户密码错误","time":1698465333487747500}
2023/10/28 11:56:44 {"callers":["$D:/GolandProjects/user-center-backend/main.go: 29 main.init.0"],"level":"error","message":"app.BindAndValid errs: ","time":1698465404026023600}
2023/10/28 12:00:08 {"callers":["$D:/GolandProjects/user-center-backend/main.go: 29 main.init.0"],"level":"error","message":"app.BindAndValid errs: ConfirmPassword为必填字段","time":1698465608765762000}
2023/10/28 12:00:52 {"callers":["$D:/GolandProjects/user-center-backend/main.go: 29 main.init.0"],"level":"error","message":"app.BindAndValid errs: ConfirmPassword必须等于Password","time":1698465652082066800}
2023/10/28 23:22:38 {"callers":["$D:/GolandProjects/user-center-backend/main.go: 29 main.init.0"],"level":"error","message":"svc.Login errs: 错误码：20040004, 错误信息：用户密码错误","time":1698506558723552400}
2023/10/28 23:22:49 {"callers":["$D:/GolandProjects/user-center-backend/main.go: 29 main.init.0"],"level":"error","message":"svc.Login errs: 错误码：20040004, 错误信息：用户密码错误","time":1698506569033548000}
2023/10/29 23:31:06 {"callers":["$D:/GolandProjects/user-center-backend/main.go: 29 main.init.0"],"level":"error","message":"svc.Login errs: 错误码：20040004, 错误信息：用户密码错误","time":1698593466021915800}
2023/10/29 23:32:39 {"callers":["$D:/GolandProjects/user-center-backend/main.go: 29 main.init.0"],"level":"error","message":"svc.Login errs: 错误码：20040004, 错误信息：用户密码错误","time":1698593559447799400}
2023/10/29 23:32:46 {"callers":["$D:/GolandProjects/user-center-backend/main.go: 29 main.init.0"],"level":"error","message":"app.BindAndValid errs: Password为必填字段","time":1698593566676533200}
2023/11/03 11:57:00 {"callers":["$D:/GolandProjects/user-center-backend/main.go: 29 main.init.0"],"level":"error","message":"svc.Login errs: 错误码：20040004, 错误信息：用户密码错误","time":1698983820006540800}
2023/11/03 11:57:10 {"callers":["$D:/GolandProjects/user-center-backend/main.go: 29 main.init.0"],"level":"error","message":"app.BindAndValid errs: Password为必填字段","time":1698983830550879800}
2023/11/03 15:32:23 {"callers":["$D:/GolandProjects/user-center-backend/main.go: 29 main.init.0"],"level":"error","message":"app.BindAndValid errs: ConfirmPassword必须等于Password","time":1698996743794985200}
2023/11/03 15:32:55 {"callers":["$D:/GolandProjects/user-center-backend/main.go: 29 main.init.0"],"level":"error","message":"svc.Login errs: 错误码：20040003, 错误信息：用户不存在","time":1698996775213292100}
2023/11/03 17:38:07 {"callers":["$D:/GolandProjects/user-center-backend/main.go: 29 main.init.0"],"level":"error","message":"svc.Login errs: 错误码：20040003, 错误信息：用户不存在","time":1699004287486434900}
2023/11/03 17:38:20 {"callers":["$D:/GolandProjects/user-center-backend/main.go: 29 main.init.0"],"level":"error","message":"svc.Login errs: 错误码：20040004, 错误信息：用户密码错误","time":1699004300655870200}
2023/11/03 17:38:33 {"callers":["$D:/GolandProjects/user-center-backend/main.go: 29 main.init.0"],"level":"error","message":"app.BindAndValid errs: Password为必填字段","time":1699004313926496200}
2023/11/05 22:36:38 {"callers":["$D:/GolandProjects/user-center-backend/main.go: 29 main.init.0"],"level":"error","message":"svc.Login errs: 错误码：20040004, 错误信息：用户密码错误","time":1699194998290201900}
2023/11/05 22:37:28 {"callers":["$D:/GolandProjects/user-center-backend/main.go: 29 main.init.0"],"level":"error","message":"svc.Login errs: 错误码：20040004, 错误信息：用户密码错误","time":1699195048382946700}
2023/11/05 22:47:11 {"callers":["$D:/GolandProjects/user-center-backend/main.go: 29 main.init.0"],"level":"error","message":"svc.Login errs: 错误码：20040003, 错误信息：用户不存在","time":1699195631539581400}
2023/11/05 22:48:02 {"callers":["$D:/GolandProjects/user-center-backend/main.go: 29 main.init.0"],"level":"error","message":"svc.Login errs: 错误码：20040004, 错误信息：用户密码错误","time":1699195682953899000}
2023/11/11 12:15:09 {"callers":["$D:/GolandProjects/user-center-backend/main.go: 29 main.init.0"],"level":"error","message":"svc.Login errs: 错误码：20040004, 错误信息：用户密码错误","time":1699676109252167300}
2023/11/11 12:16:26 {"callers":["$D:/GolandProjects/user-center-backend/main.go: 29 main.init.0"],"level":"error","message":"svc.Login errs: 错误码：20040003, 错误信息：用户不存在","time":1699676186943201900}
2023/11/11 13:42:32 {"callers":["$D:/GolandProjects/user-center-backend/main.go: 29 main.init.0"],"level":"error","message":"svc.Signup failed, err: Error 1406 (22001): Data too long for column 'password' at row 1","time":1699681352526552300}
2023/11/11 13:56:12 {"callers":["$D:/GolandProjects/user-center-backend/main.go: 29 main.init.0"],"level":"error","message":"svc.Signup failed, err: Error 1406 (22001): Data too long for column 'password' at row 1","time":1699682172192073300}
2023/11/11 13:59:13 {"callers":["$D:/GolandProjects/user-center-backend/main.go: 29 main.init.0"],"level":"error","message":"svc.Login errs: 错误码：20040004, 错误信息：用户密码错误","time":1699682353181599100}
2023/11/11 14:01:56 {"callers":["$D:/GolandProjects/user-center-backend/main.go: 29 main.init.0"],"level":"error","message":"svc.Login errs: 错误码：20040004, 错误信息：用户密码错误","time":1699682516119141900}
2023/11/11 14:02:28 {"callers":["$D:/GolandProjects/user-center-backend/main.go: 29 main.init.0"],"level":"error","message":"svc.Login errs: 错误码：20040004, 错误信息：用户密码错误","time":1699682548731742600}
2023/11/11 15:25:17 {"callers":["$D:/GolandProjects/user-center-backend/main.go: 29 main.init.0"],"level":"error","message":"svc.Login errs: 错误码：20040004, 错误信息：用户密码错误","time":1699687517689431700}
2023/11/16 23:18:49 {"callers":["$D:/projects/gyu-user-center/user-center-backend/main.go: 29 main.init.0"],"level":"error","message":"svc.Signup failed, err: Error 1364 (HY000): Field 'userPassword' doesn't have a default value","time":1700147929379283900}
2023/11/16 23:20:19 {"callers":["$D:/projects/gyu-user-center/user-center-backend/main.go: 29 main.init.0"],"level":"error","message":"app.BindAndValid errs: ","time":1700148019487332500}
2023/11/16 23:22:42 {"callers":["$D:/projects/gyu-user-center/user-center-backend/main.go: 29 main.init.0"],"level":"error","message":"app.BindAndValid errs: ","time":1700148162825769400}
2023/11/16 23:23:31 {"callers":["$D:/projects/gyu-user-center/user-center-backend/main.go: 29 main.init.0"],"level":"error","message":"app.BindAndValid errs: ","time":1700148211012947000}
2023/11/16 23:28:36 {"callers":["$D:/projects/gyu-user-center/user-center-backend/main.go: 29 main.init.0"],"level":"error","message":"app.BindAndValid errs: ","time":1700148516387578500}
2023/11/16 23:29:21 {"callers":["$D:/projects/gyu-user-center/user-center-backend/main.go: 29 main.init.0"],"level":"error","message":"app.BindAndValid errs: ","time":1700148561289592700}
2023/11/16 23:36:34 {"callers":["$D:/projects/gyu-user-center/user-center-backend/main.go: 29 main.init.0"],"level":"error","message":"app.BindAndValid errs: ","time":1700148994116503500}
2023/11/16 23:37:30 {"callers":["$D:/projects/gyu-user-center/user-center-backend/main.go: 29 main.init.0"],"level":"error","message":"app.BindAndValid errs: ","time":1700149050396315200}
2023/11/16 23:46:04 {"callers":["$D:/projects/gyu-user-center/user-center-backend/main.go: 29 main.init.0"],"level":"error","message":"app.BindAndValid errs: ","time":1700149564301078800}
2023/11/16 23:46:39 {"callers":["$D:/projects/gyu-user-center/user-center-backend/main.go: 29 main.init.0"],"level":"error","message":"app.BindAndValid errs: ","time":1700149599776428800}
2023/11/16 23:46:45 {"callers":["$D:/projects/gyu-user-center/user-center-backend/main.go: 29 main.init.0"],"level":"error","message":"app.BindAndValid errs: ","time":1700149605840798800}
2023/11/16 23:47:52 {"callers":["$D:/projects/gyu-user-center/user-center-backend/main.go: 29 main.init.0"],"level":"error","message":"svc.Signup failed, err: Error 1364 (HY000): Field 'userPassword' doesn't have a default value","time":1700149672314637000}
2023/11/16 23:49:34 {"callers":["$D:/projects/gyu-user-center/user-center-backend/main.go: 29 main.init.0"],"level":"error","message":"app.BindAndValid errs: ","time":1700149774406175400}
2023/11/16 23:49:40 {"callers":["$D:/projects/gyu-user-center/user-center-backend/main.go: 29 main.init.0"],"level":"error","message":"svc.Signup failed, err: Error 1364 (HY000): Field 'userPassword' doesn't have a default value","time":1700149780049047700}
2023/11/16 23:51:08 {"callers":["$D:/projects/gyu-user-center/user-center-backend/main.go: 29 main.init.0"],"level":"error","message":"svc.Signup failed, err: Error 1364 (HY000): Field 'userPassword' doesn't have a default value","time":1700149868717971400}
2023/11/16 23:53:25 {"callers":["$D:/projects/gyu-user-center/user-center-backend/main.go: 29 main.init.0"],"level":"error","message":"svc.Signup failed, err: Error 1364 (HY000): Field 'userPassword' doesn't have a default value","time":1700150005253883200}
2023/11/17 00:02:24 {"callers":["$D:/projects/gyu-user-center/user-center-backend/main.go: 29 main.init.0"],"level":"error","message":"svc.Signup failed, err: Error 1364 (HY000): Field 'userStatus' doesn't have a default value","time":1700150544231146900}
2023/11/19 16:04:28 {"callers":["$D:/projects/gyu-user-center/user-center-backend/main.go: 29 main.init.0"],"level":"error","message":"app.BindAndValid errs: ConfirmPassword必须等于Password","time":1700381068221933200}
2023/11/19 16:05:24 {"callers":["$D:/projects/gyu-user-center/user-center-backend/main.go: 29 main.init.0"],"level":"error","message":"app.BindAndValid errs: ConfirmPassword必须等于userPassword","time":1700381124251672500}
2023/11/19 16:06:01 {"callers":["$D:/projects/gyu-user-center/user-center-backend/main.go: 29 main.init.0"],"level":"error","message":"app.BindAndValid errs: ","time":1700381161885234200}
2023/11/19 16:06:19 {"callers":["$D:/projects/gyu-user-center/user-center-backend/main.go: 29 main.init.0"],"level":"error","message":"app.BindAndValid errs: ConfirmPassword必须等于userPassword","time":1700381179309417700}
2023/11/19 16:06:58 {"callers":["$D:/projects/gyu-user-center/user-center-backend/main.go: 29 main.init.0"],"level":"error","message":"app.BindAndValid errs: ConfirmPassword必须等于userPassword","time":1700381218232948900}
2023/11/19 16:08:29 {"callers":["$D:/projects/gyu-user-center/user-center-backend/main.go: 29 main.init.0"],"level":"error","message":"app.BindAndValid errs: ConfirmPassword必须等于password","time":1700381309602972800}
2023/11/19 16:09:18 {"callers":["$D:/projects/gyu-user-center/user-center-backend/main.go: 29 main.init.0"],"level":"error","message":"app.BindAndValid errs: ConfirmPassword必须等于password","time":1700381358464155400}
2023/11/19 16:10:01 {"callers":["$D:/projects/gyu-user-center/user-center-backend/main.go: 29 main.init.0"],"level":"error","message":"app.BindAndValid errs: ConfirmPassword必须等于password","time":1700381401959853600}
2023/11/19 16:11:28 {"callers":["$D:/projects/gyu-user-center/user-center-backend/main.go: 29 main.init.0"],"level":"error","message":"app.BindAndValid errs: ConfirmPassword必须等于password","time":1700381488280583800}
2023/11/19 16:27:03 {"callers":["$D:/projects/gyu-user-center/user-center-backend/main.go: 29 main.init.0"],"level":"error","message":"svc.Signup failed, err: Error 1054 (42S22): Unknown column 'user.deleted_at' in 'where clause'","time":1700382423448462900}
2023/11/19 17:03:52 {"callers":["$D:/projects/gyu-user-center/user-center-backend/main.go: 29 main.init.0"],"level":"error","message":"svc.Signup failed, err: Error 1054 (42S22): Unknown column 'create_time' in 'field list'","time":1700384632437020500}
2023/11/19 17:06:02 {"callers":["$D:/projects/gyu-user-center/user-center-backend/main.go: 29 main.init.0"],"level":"error","message":"svc.Signup failed, err: Error 1054 (42S22): Unknown column 'create_time' in 'field list'","time":1700384762127292500}
2023/11/19 17:12:02 {"callers":["$D:/projects/gyu-user-center/user-center-backend/main.go: 29 main.init.0"],"level":"error","message":"svc.Signup failed, err: Error 1054 (42S22): Unknown column 'create_time' in 'field list'","time":1700385122766556600}
2023/11/19 17:24:43 {"callers":["$D:/projects/gyu-user-center/user-center-backend/main.go: 29 main.init.0"],"level":"error","message":"svc.Signup failed, err: Error 1054 (42S22): Unknown column 'create_time' in 'field list'","time":1700385883755199300}
2023/11/19 17:27:31 {"callers":["$D:/projects/gyu-user-center/user-center-backend/main.go: 29 main.init.0"],"level":"error","message":"svc.Signup failed, err: Error 1054 (42S22): Unknown column 'create_time' in 'field list'","time":1700386051340014300}
2023/11/19 17:28:18 {"callers":["$D:/projects/gyu-user-center/user-center-backend/main.go: 29 main.init.0"],"level":"error","message":"svc.Signup failed, err: Error 1054 (42S22): Unknown column 'create_time' in 'field list'","time":1700386098495764400}
2023/11/19 17:37:21 {"callers":["$D:/projects/gyu-user-center/user-center-backend/main.go: 29 main.init.0"],"level":"error","message":"svc.Signup failed, err: Error 1054 (42S22): Unknown column 'create_time' in 'field list'","time":1700386641859044500}
2023/11/19 17:47:47 {"callers":["$D:/projects/gyu-user-center/user-center-backend/main.go: 29 main.init.0"],"level":"error","message":"svc.Signup failed, err: Error 1292 (22007): Incorrect datetime value: '0000-00-00' for column 'createTime' at row 1","time":1700387267050938600}
2023/11/19 17:57:28 {"callers":["$D:/projects/gyu-user-center/user-center-backend/main.go: 29 main.init.0"],"level":"error","message":"svc.Signup failed, err: Error 1292 (22007): Incorrect datetime value: '0000-00-00' for column 'updateTime' at row 1","time":1700387848986595500}
2023/11/20 15:39:33 {"callers":["$D:/projects/gyu-user-center/user-center-backend/main.go: 29 main.init.0"],"level":"error","message":"svc.Login errs: 错误码：20010004, 错误信息：用户密码错误","time":1700465973731253300}
2023/11/20 15:42:34 {"callers":["$D:/projects/gyu-user-center/user-center-backend/main.go: 29 main.init.0"],"level":"error","message":"svc.Login errs: 错误码：20010004, 错误信息：用户密码错误","time":1700466154920157900}
2023/11/20 16:30:16 {"callers":["$D:/projects/gyu-user-center/user-center-backend/main.go: 29 main.init.0"],"level":"error","message":"svc.Login errs: 错误码：20010007, 错误信息：用户登陆参数错误","time":1700469016333728700}
2023/11/20 16:31:11 {"callers":["$D:/projects/gyu-user-center/user-center-backend/main.go: 29 main.init.0"],"level":"error","message":"svc.Signup failed, err: 错误码：20010006, 错误信息：用户注册参数错误","time":1700469071398498500}
2023/11/20 16:34:49 {"callers":["$D:/projects/gyu-user-center/user-center-backend/main.go: 29 main.init.0"],"level":"error","message":"svc.Signup failed, err: 错误码：20010006, 错误信息：用户注册参数错误","time":1700469289115882400}
2023/11/20 21:27:18 {"callers":["$D:/projects/gyu-user-center/user-center-backend/main.go: 29 main.init.0"],"level":"error","message":"json Unmarshal error: parsing time \"2023-11-20T15:45:25 08:00\" as \"2006-01-02T15:04:05Z07:00\": cannot parse \" 08:00\" as \"Z07:00\"","time":1700486838928534100}
2023/11/20 21:29:01 {"callers":["$D:/projects/gyu-user-center/user-center-backend/main.go: 29 main.init.0"],"level":"error","message":"json Unmarshal error: parsing time \"2023-11-20T15:45:25 08:00\" as \"2006-01-02T15:04:05Z07:00\": cannot parse \" 08:00\" as \"Z07:00\"","time":1700486941650718700}
2023/11/20 21:29:43 {"callers":["$D:/projects/gyu-user-center/user-center-backend/main.go: 29 main.init.0"],"level":"error","message":"json Unmarshal error: parsing time \"2023-11-20T15:45:25 08:00\" as \"2006-01-02T15:04:05Z07:00\": cannot parse \" 08:00\" as \"Z07:00\"","time":1700486983656586800}
2023/11/20 21:32:31 {"callers":["$D:/projects/gyu-user-center/user-center-backend/main.go: 29 main.init.0"],"level":"error","message":"json Unmarshal error: parsing time \"2023-11-20T15:45:25 08:00\" as \"2006-01-02T15:04:05Z07:00\": cannot parse \" 08:00\" as \"Z07:00\"","time":1700487151980939800}
2023/11/20 21:33:35 {"callers":["$D:/projects/gyu-user-center/user-center-backend/main.go: 29 main.init.0"],"level":"error","message":"json Unmarshal error: parsing time \"2023-11-20T15:45:25 08:00\" as \"2006-01-02T15:04:05Z07:00\": cannot parse \" 08:00\" as \"Z07:00\"","time":1700487215706813900}
2023/11/20 21:43:28 {"callers":["$D:/projects/gyu-user-center/user-center-backend/main.go: 29 main.init.0"],"level":"error","message":"json Unmarshal error: parsing time \"2023-11-20T15:45:25 08:00\" as \"2006-01-02T15:04:05Z07:00\": cannot parse \" 08:00\" as \"Z07:00\"","time":1700487808638893200}
2023/11/20 21:51:20 {"callers":["$D:/projects/gyu-user-center/user-center-backend/main.go: 29 main.init.0"],"level":"error","message":"json Unmarshal error: parsing time \"2023-11-20T15:45:25 08:00\" as \"2006-01-02T15:04:05Z07:00\": cannot parse \" 08:00\" as \"Z07:00\"","time":1700488280740045600}
2023/11/20 21:59:22 {"callers":["$D:/projects/gyu-user-center/user-center-backend/main.go: 29 main.init.0"],"level":"error","message":"json Unmarshal error: parsing time \"2023-11-20T15:45:25 08:00\" as \"2006-01-02T15:04:05Z07:00\": cannot parse \" 08:00\" as \"Z07:00\"","time":1700488762129991300}
2023/11/20 22:00:30 {"callers":["$D:/projects/gyu-user-center/user-center-backend/main.go: 29 main.init.0"],"level":"error","message":"json Unmarshal error: parsing time \"2023-11-20T15:45:25 08:00\" as \"2006-01-02T15:04:05Z07:00\": cannot parse \" 08:00\" as \"Z07:00\"","time":1700488830693607700}
2023/11/20 22:38:36 {"callers":["$D:/projects/gyu-user-center/user-center-backend/main.go: 29 main.init.0"],"level":"error","message":"svc.Signup failed, err: sql: converting argument $11 type: unsupported type global.DateTime, a struct","time":1700491116456179000}
2023/11/20 22:58:39 {"callers":["$D:/projects/gyu-user-center/user-center-backend/main.go: 29 main.init.0"],"level":"error","message":"search User error: unsupported destination, should be slice or struct","time":1700492319084519500}
2023/11/20 23:04:55 {"callers":["$D:/projects/gyu-user-center/user-center-backend/main.go: 29 main.init.0"],"level":"error","message":"search User error: unsupported destination, should be slice or struct","time":1700492695756533100}
2023/11/21 12:28:30 {"callers":["$D:/projects/gyu-user-center/user-center-backend/main.go: 29 main.init.0"],"level":"error","message":"delete user error: Error 1103 (42000): Incorrect table name ''","time":1700540910906098000}
2023/11/21 12:37:17 {"callers":["$D:/projects/gyu-user-center/user-center-backend/main.go: 29 main.init.0"],"level":"error","message":"delete user error: Error 1103 (42000): Incorrect table name ''","time":1700541437020433400}
2023/11/21 12:45:29 {"callers":["$D:/projects/gyu-user-center/user-center-backend/main.go: 29 main.init.0"],"level":"error","message":"delete user error: Error 1103 (42000): Incorrect table name ''","time":1700541929966903600}
2023/11/21 12:46:43 {"callers":["$D:/projects/gyu-user-center/user-center-backend/main.go: 29 main.init.0"],"level":"error","message":"delete user error: Error 1103 (42000): Incorrect table name ''","time":1700542003551420600}
2023/11/23 13:21:17 {"callers":["$D:/projects/gyu-user-center/user-center-backend/main.go: 29 main.init.0"],"level":"error","message":"app.BindAndValid errs: UserAccount为必填字段","time":1700716877142177400}
2023/11/23 13:21:27 {"callers":["$D:/projects/gyu-user-center/user-center-backend/main.go: 29 main.init.0"],"level":"error","message":"app.BindAndValid errs: UserAccount为必填字段","time":1700716887654152400}
2023/11/23 13:28:40 {"callers":["$D:/projects/gyu-user-center/user-center-backend/main.go: 29 main.init.0"],"level":"error","message":"app.BindAndValid errs: Password为必填字段","time":1700717320222446400}
2023/11/24 21:54:21 {"callers":["$D:/projects/gyu-user-center/user-center-backend/main.go: 29 main.init.0"],"level":"error","message":"app.BindAndValid errs: UserPassword为必填字段, ConfirmPassword必须等于UserPassword","time":1700834061803984900}
2023/11/25 17:28:08 {"callers":["$D:/projects/gyu-user-center/user-center-backend/main.go: 29 main.init.0"],"level":"error","message":"get currentUser errs: record not found","time":1700904488805529300}
2023/11/25 17:35:10 {"callers":["$D:/projects/gyu-user-center/user-center-backend/main.go: 29 main.init.0"],"level":"error","message":"get currentUser errs: record not found","time":1700904910863765200}
2023/11/25 17:55:21 {"callers":["$D:/projects/gyu-user-center/user-center-backend/main.go: 29 main.init.0"],"level":"error","message":"base64 decode error: illegal base64 data at input byte 0","time":1700906121690179100}
2023/11/25 17:58:31 {"callers":["$D:/projects/gyu-user-center/user-center-backend/main.go: 29 main.init.0"],"level":"error","message":"base64 decode error: illegal base64 data at input byte 0","time":1700906311403862800}
2023/11/25 18:02:51 {"callers":["$D:/projects/gyu-user-center/user-center-backend/main.go: 29 main.init.0"],"level":"error","message":"base64 decode error: illegal base64 data at input byte 0","time":1700906571357477700}
2023/11/25 18:04:50 {"callers":["$D:/projects/gyu-user-center/user-center-backend/main.go: 29 main.init.0"],"level":"error","message":"base64 decode error: illegal base64 data at input byte 0","time":1700906690543189500}
2023/11/26 15:39:09 {"callers":["$D:/projects/gyu-user-center/user-center-backend/main.go: 29 main.init.0"],"level":"info","message":"user is not administrator","time":1700984349573063500}
2023/12/27 18:29:41 {"callers":["$D:/projects/gyu-user-center/user-center-backend/main.go: 34 main.init.0"],"level":"info","message":"access log: method: POST, status_code: 200, begin_time: 1703672981, end_time: 1703672981","request":"","response":"{\"code\":20000000,\"data\":{\"Id\":26,\"userId\":95835007179816961,\"username\":\"\",\"userAccount\":\"Water Dragon King\",\"avatarUrl\":\"\",\"gender\":0,\"userPassword\":\"\",\"phone\":\"\",\"email\":\"\",\"userStatus\":0,\"userRole\":0,\"CreateTime\":\"2023-12-02 11:15:15\",\"UpdateTime\":\"0001-01-01 00:00:00\",\"isDelete\":0},\"msg\":\"成功\"}","time":1703672981530805300}
